2019-03-14T14:00:07.203Z - normal: Load ~/.CocosCreator/settings.json
2019-03-14T14:00:07.269Z - normal: Initializing Asset Database
2019-03-14T14:00:07.272Z - normal: checking language setting...
2019-03-14T14:00:07.272Z - normal: Language: zh
2019-03-14T14:00:07.989Z - success: preview server running at http://localhost:7456
2019-03-14T14:00:08.029Z - success: protocol editor-framework registered
2019-03-14T14:00:08.030Z - success: protocol app registered
2019-03-14T14:00:08.030Z - success: protocol theme registered
2019-03-14T14:00:08.030Z - success: protocol packages registered
2019-03-14T14:00:08.030Z - success: protocol uuid registerred
2019-03-14T14:00:08.030Z - success: protocol db registerred
2019-03-14T14:00:08.030Z - success: protocol thumbnail registerred
2019-03-14T14:00:08.030Z - success: protocol unpack registerred
2019-03-14T14:00:08.030Z - success: protocol disable-commonjs registerred
2019-03-14T14:00:08.418Z - normal: connected!
2019-03-14T14:00:08.420Z - normal: Check project /Users/minakokojima/Documents/GitHub/cocoscreator-ddz
2019-03-14T14:00:08.421Z - normal: Initializing project /Users/minakokojima/Documents/GitHub/cocoscreator-ddz
2019-03-14T14:00:08.972Z - normal: Initializing Cocos2d
2019-03-14T14:00:09.603Z - normal: Initializing engine extends
2019-03-14T14:00:09.605Z - normal: Loading editor/builtin packages from /Applications/CocosCreator.app/Contents/Resources/app.asar/editor/builtin
2019-03-14T14:00:09.721Z - success: assets loaded
2019-03-14T14:00:09.731Z - success: builder loaded
2019-03-14T14:00:10.025Z - success: cocos-services loaded
2019-03-14T14:00:10.044Z - success: console loaded
2019-03-14T14:00:10.087Z - success: fb-instant-games loaded
2019-03-14T14:00:10.090Z - success: google-instant-games loaded
2019-03-14T14:00:10.108Z - success: hierarchy loaded
2019-03-14T14:00:10.124Z - success: inspector loaded
2019-03-14T14:00:10.125Z - success: keystore loaded
2019-03-14T14:00:10.141Z - success: node-library loaded
2019-03-14T14:00:10.143Z - success: package-asset loaded
2019-03-14T14:00:10.144Z - success: preferences loaded
2019-03-14T14:00:10.153Z - success: project-exporter loaded
2019-03-14T14:00:10.163Z - success: project-importer loaded
2019-03-14T14:00:10.172Z - success: project-settings loaded
2019-03-14T14:00:10.182Z - success: ui-kit loaded
2019-03-14T14:00:10.192Z - success: scene loaded
2019-03-14T14:00:10.193Z - success: simulator-debugger loaded
2019-03-14T14:00:10.194Z - success: sprite-editor loaded
2019-03-14T14:00:10.203Z - success: store loaded
2019-03-14T14:00:10.212Z - success: timeline loaded
2019-03-14T14:00:10.212Z - normal: Loading builtin packages from /Applications/CocosCreator.app/Contents/Resources/builtin
2019-03-14T14:00:10.224Z - success: asset-db-debugger loaded
2019-03-14T14:00:10.225Z - success: color-picker loaded
2019-03-14T14:00:10.314Z - success: fb-audience-network loaded
2019-03-14T14:00:10.317Z - success: fb-live-stream loaded
2019-03-14T14:00:10.321Z - success: google-play-instant loaded
2019-03-14T14:00:10.326Z - success: huawei-runtime loaded
2019-03-14T14:00:10.328Z - success: jsb-adapter loaded
2019-03-14T14:00:10.331Z - success: oppo-runtime loaded
2019-03-14T14:00:10.342Z - success: package-manager loaded
2019-03-14T14:00:10.484Z - success: qqplay-adapter loaded
2019-03-14T14:00:10.486Z - success: runtime-dev-tools loaded
2019-03-14T14:00:10.496Z - success: sdkbox loaded
2019-03-14T14:00:10.506Z - success: tester loaded
2019-03-14T14:00:10.516Z - success: ui-grid loaded
2019-03-14T14:00:10.526Z - success: ui-kit-preview-extra loaded
2019-03-14T14:00:10.535Z - success: ui-kit-preview loaded
2019-03-14T14:00:10.544Z - success: ui-tree loaded
2019-03-14T14:00:10.548Z - success: vivo-runtime loaded
2019-03-14T14:00:10.550Z - success: weapp-adapter loaded
2019-03-14T14:00:13.283Z - normal: Loading packages
2019-03-14T14:00:13.289Z - normal: Watching packages
2019-03-14T14:00:13.385Z - normal: Run Application
2019-03-14T14:00:16.228Z - info: Cocos Services load base data!
